2021-03-25 11:05:43,650 INFO org.hibernate.validator.internal.util.Version [background-preinit] HV000001: Hibernate Validator 6.2.0.Final
2021-03-25 11:05:43,690 INFO org.springframework.boot.StartupInfoLogger [main] Starting CilentApplication using Java 1.8.0_281 on LAPTOP-60IPRE18 with PID 13488 (C:\Users\abhi\Desktop\New folder (3)\onlineshopping\bin\main started by abhi in C:\Users\abhi\Desktop\New folder (3)\onlineshopping)
2021-03-25 11:05:43,691 INFO org.springframework.boot.SpringApplication [main] No active profile set, falling back to default profiles: default
2021-03-25 11:05:45,694 INFO org.springframework.data.repository.config.RepositoryConfigurationDelegate [main] Bootstrapping Spring Data JPA repositories in DEFAULT mode.
2021-03-25 11:05:45,908 INFO org.springframework.data.repository.config.RepositoryConfigurationDelegate [main] Finished Spring Data repository scanning in 192 ms. Found 7 JPA repository interfaces.
2021-03-25 11:05:48,188 INFO org.springframework.boot.web.embedded.tomcat.TomcatWebServer [main] Tomcat initialized with port(s): 8087 (http)
2021-03-25 11:05:48,207 INFO org.apache.juli.logging.DirectJDKLog [main] Initializing ProtocolHandler ["http-nio-8087"]
2021-03-25 11:05:48,208 INFO org.apache.juli.logging.DirectJDKLog [main] Starting service [Tomcat]
2021-03-25 11:05:48,209 INFO org.apache.juli.logging.DirectJDKLog [main] Starting Servlet engine: [Apache Tomcat/9.0.44]
2021-03-25 11:05:48,547 INFO org.apache.juli.logging.DirectJDKLog [main] Initializing Spring embedded WebApplicationContext
2021-03-25 11:05:48,547 INFO org.springframework.boot.web.servlet.context.ServletWebServerApplicationContext [main] Root WebApplicationContext: initialization completed in 4726 ms
2021-03-25 11:05:48,942 INFO com.zaxxer.hikari.HikariDataSource [main] HikariPool-1 - Starting...
2021-03-25 11:05:48,949 WARN com.zaxxer.hikari.util.DriverDataSource [main] Registered driver with driverClassName=oracle.jdbc.driver.OracleDriver was not found, trying direct instantiation.
2021-03-25 11:05:49,939 INFO com.zaxxer.hikari.pool.PoolBase [main] HikariPool-1 - Driver does not support get/set network timeout for connections. (oracle.jdbc.driver.T4CConnection.getNetworkTimeout()I)
2021-03-25 11:05:49,943 INFO com.zaxxer.hikari.HikariDataSource [main] HikariPool-1 - Start completed.
2021-03-25 11:05:50,039 INFO org.hibernate.jpa.internal.util.LogHelper [main] HHH000204: Processing PersistenceUnitInfo [name: default]
2021-03-25 11:05:50,329 INFO org.hibernate.Version [main] HHH000412: Hibernate ORM core version 5.4.29.Final
2021-03-25 11:05:50,697 INFO org.hibernate.annotations.common.reflection.java.JavaReflectionManager [main] HCANN000001: Hibernate Commons Annotations {5.1.2.Final}
2021-03-25 11:05:50,992 INFO org.hibernate.dialect.Dialect [main] HHH000400: Using dialect: org.hibernate.dialect.Oracle10gDialect
2021-03-25 11:05:52,961 INFO org.hibernate.engine.transaction.jta.platform.internal.JtaPlatformInitiator [main] HHH000490: Using JtaPlatform implementation: [org.hibernate.engine.transaction.jta.platform.internal.NoJtaPlatform]
2021-03-25 11:05:52,976 INFO org.springframework.orm.jpa.AbstractEntityManagerFactoryBean [main] Initialized JPA EntityManagerFactory for persistence unit 'default'
2021-03-25 11:05:54,694 WARN org.springframework.boot.autoconfigure.orm.jpa.JpaBaseConfiguration$JpaWebConfiguration [main] spring.jpa.open-in-view is enabled by default. Therefore, database queries may be performed during view rendering. Explicitly configure spring.jpa.open-in-view to disable this warning
2021-03-25 11:05:55,031 INFO springfox.documentation.spring.web.PropertySourcedRequestMappingHandlerMapping [main] Mapped URL path [/v2/api-docs] onto method [springfox.documentation.swagger2.web.Swagger2Controller#getDocumentation(String, HttpServletRequest)]
2021-03-25 11:05:55,259 INFO org.springframework.scheduling.concurrent.ExecutorConfigurationSupport [main] Initializing ExecutorService 'applicationTaskExecutor'
2021-03-25 11:05:55,594 INFO org.apache.juli.logging.DirectJDKLog [main] Starting ProtocolHandler ["http-nio-8087"]
2021-03-25 11:05:55,633 INFO org.springframework.boot.web.embedded.tomcat.TomcatWebServer [main] Tomcat started on port(s): 8087 (http) with context path ''
2021-03-25 11:05:55,634 INFO springfox.documentation.spring.web.plugins.DocumentationPluginsBootstrapper [main] Context refreshed
2021-03-25 11:05:55,695 INFO springfox.documentation.spring.web.plugins.DocumentationPluginsBootstrapper [main] Found 1 custom documentation plugin(s)
2021-03-25 11:05:55,934 INFO springfox.documentation.spring.web.scanners.ApiListingReferenceScanner [main] Scanning for api listing references
2021-03-25 11:05:56,384 INFO springfox.documentation.spring.web.readers.operation.CachingOperationNameGenerator [main] Generating unique operation named: removeCustomerUsingDELETE_1
2021-03-25 11:05:56,682 INFO org.springframework.boot.StartupInfoLogger [main] Started CilentApplication in 13.81 seconds (JVM running for 14.57)
2021-03-25 11:07:06,203 INFO org.apache.juli.logging.DirectJDKLog [http-nio-8087-exec-1] Initializing Spring DispatcherServlet 'dispatcherServlet'
2021-03-25 11:07:06,203 INFO org.springframework.web.servlet.FrameworkServlet [http-nio-8087-exec-1] Initializing Servlet 'dispatcherServlet'
2021-03-25 11:07:06,205 INFO org.springframework.web.servlet.FrameworkServlet [http-nio-8087-exec-1] Completed initialization in 1 ms
2021-03-25 11:07:06,448 INFO com.cg.onlineshopping.controller.ProductRestController [http-nio-8087-exec-1] Product addProduct()
2021-03-25 11:07:06,450 INFO com.cg.onlineshopping.service.ProductServiceImpl [http-nio-8087-exec-1] Product addProduct()
